2026-04-26 16:17:07,274 - INFO - InÚcio do scraping
2026-04-26 16:17:10,662 - INFO - Scraping terminado
2026-04-26 15:44:15,554 - INFO - InûÙcio do scraping
2026-04-26 15:44:17,081 - INFO - Scraping terminado
2026-04-26 17:43:43,983 - INFO - InÚcio do scraping de filmes
2026-04-26 17:46:31,316 - INFO - InÚcio do scraping de filmes - The Numbers
2026-04-26 18:02:31,970 - INFO - InÚcio do scraping Rotten Tomatoes
2026-04-26 18:02:32,821 - INFO - Foram recolhidos 28 filmes
2026-04-26 18:08:42,777 - INFO - InÚcio do scraping Rotten Tomatoes
2026-04-26 18:08:44,186 - INFO - Foram recolhidos 28 filmes
2026-04-26 18:12:14,395 - INFO - InÚcio do scraping Rotten Tomatoes
2026-04-26 18:12:33,746 - INFO - Foram recolhidos 10 filmes
2026-04-26 18:24:43,671 - INFO - InÚcio do scraping IMDb
2026-04-26 18:24:44,491 - INFO - Foram recolhidos 0 filmes
2026-04-26 18:25:55,017 - INFO - InÚcio do scraping IMDb
2026-04-26 18:25:56,080 - INFO - Foram recolhidos 0 filmes
2026-04-26 18:29:49,465 - INFO - InÚcio do scraping IMDb
2026-04-26 18:32:02,326 - INFO - InÚcio do scraping IMDb
2026-04-26 18:50:06,994 - INFO - InÚcio do scraping Rotten Tomatoes
2026-04-26 18:50:08,320 - INFO - Foram recolhidos 10 filmes
2026-04-26 17:50:51,380 - INFO - InûÙcio do scraping Rotten Tomatoes
2026-04-26 17:50:51,554 - INFO - Foram recolhidos 10 filmes
2026-04-26 18:41:50,254 - INFO - InûÙcio do scraping Rotten Tomatoes
2026-04-26 18:41:50,645 - INFO - Foram recolhidos 10 filmes
2026-04-27 10:12:37,793 - INFO - InÚcio do scraping TechCrunch AI
2026-04-27 10:19:56,183 - INFO - InÚcio da recolha de notÚcias sobre IA - WIRED
2026-04-27 10:19:57,110 - INFO - Foram recolhidas 0 notÚcias
2026-04-27 10:22:58,722 - INFO - InÚcio da recolha de notÚcias IA (Reddit)
2026-04-27 10:26:45,497 - INFO - InÚcio do scraping AI News
2026-04-27 10:26:57,729 - INFO - Foram recolhidas 10 notÚcias
2026-04-27 10:31:18,862 - INFO - InÚcio do scraping AI News
2026-04-27 10:32:30,504 - INFO - InÚcio do scraping AI News
2026-04-27 10:32:40,406 - INFO - Foram recolhidas 10 notÚcias
2026-04-27 10:36:36,392 - INFO - InÚcio do scraping AI News
2026-04-27 10:36:47,522 - INFO - Foram recolhidas 10 notÚcias
2026-04-27 10:41:28,448 - INFO - InÚcio do scraping AI News
2026-04-27 10:41:38,910 - INFO - Foram recolhidas 10 notÚcias
2026-04-27 10:52:17,963 - INFO - InÚcio do scraping AI News
2026-04-27 10:52:29,055 - INFO - Foram recolhidas 10 notÚcias
2026-04-27 10:01:13,228 - INFO - InûÙcio do scraping AI News
2026-04-27 10:01:26,094 - INFO - Foram recolhidas 10 notûÙcias
2026-04-27 10:32:59,494 - INFO - InûÙcio do scraping AI News
2026-04-27 10:33:00,404 - INFO - Foram recolhidas 0 notûÙcias
2026-04-27 10:56:45,272 - INFO - InûÙcio do scraping AI News
2026-04-27 10:56:58,734 - INFO - Foram recolhidas 10 notûÙcias
2026-04-27 11:36:06,884 - INFO - InûÙcio do scraping com mû¤ltiplas fontes e paginaûÏûÈo
2026-04-27 11:36:09,753 - INFO - Foram recolhidas 551 notûÙcias
2026-04-27 12:19:33,284 - INFO - InûÙcio do scraping com mû¤ltiplas fontes e paginaûÏûÈo
2026-04-27 12:19:36,811 - INFO - Foram recolhidas 551 notûÙcias
2026-04-27 14:04:39,195 - INFO - InûÙcio do scraping com mû¤ltiplas fontes e paginaûÏûÈo
2026-04-27 14:04:43,479 - INFO - Foram recolhidas 551 notûÙcias
2026-04-27 15:01:48,135 - INFO - InûÙcio do scraping com mû¤ltiplas fontes e paginaûÏûÈo
2026-04-27 15:01:51,368 - INFO - Foram recolhidas 551 notûÙcias
2026-04-27 17:17:02,053 - INFO - InûÙcio do scraping com mû¤ltiplas fontes e paginaûÏûÈo
2026-04-27 17:17:17,968 - INFO - Foram recolhidas 551 notûÙcias
2026-04-27 19:08:49,773 - INFO - InûÙcio do scraping com mû¤ltiplas fontes e paginaûÏûÈo
2026-04-27 19:08:51,585 - INFO - Foram recolhidas 551 notûÙcias
2026-04-27 20:56:00,556 - INFO - InûÙcio do scraping com mû¤ltiplas fontes e paginaûÏûÈo
2026-04-27 20:56:02,855 - INFO - Foram recolhidas 551 notûÙcias
